<?xml version="1.0" encoding="UTF-8"?>
<!-- Generated by org.testng.reporters.JUnitXMLReporter -->
<testsuite ignored="0" hostname="DESKTOP-AKKNJ8N" failures="1" tests="1" name="Ebay" time="0.525" errors="0" timestamp="2025-01-26T16:58:09 EST">
  <testcase classname="upskill.runners.RunnerClass" name="@AfterClass writeExtentReport" time="0.012">
    <failure type="java.lang.NullPointerException" message="Cannot invoke &amp;quot;com.aventstack.extentreports.reporter.ExtentHtmlReporter.loadXMLConfig(java.io.File)&amp;quot; because the return value of &amp;quot;com.cucumber.listener.Reporter.getExtentHtmlReport()&amp;quot; is null">
      <![CDATA[java.lang.NullPointerException: Cannot invoke "com.aventstack.extentreports.reporter.ExtentHtmlReporter.loadXMLConfig(java.io.File)" because the return value of "com.cucumber.listener.Reporter.getExtentHtmlReport()" is null
at com.cucumber.listener.Reporter.loadXMLConfig(Reporter.java:66)
at upskill.runners.RunnerClass.writeExtentReport(RunnerClass.java:23)
at java.base/java.util.ArrayList.forEach(ArrayList.java:1511)
... Removed 26 stack frames]]>
    </failure>
  </testcase> <!-- @AfterClass writeExtentReport -->
  <testcase classname="cucumber.api.testng.AbstractTestNGCucumberTests" name="@AfterClass tearDownClass" time="0.0">
    <skipped/>
  </testcase> <!-- @AfterClass tearDownClass -->
  <testcase classname="cucumber.api.testng.AbstractTestNGCucumberTests" name="feature" time="0.0">
    <failure type="java.lang.RuntimeException" message="java.lang.IllegalArgumentException: Not a file or directory: C:\Users\Syed\Desktop\OSA0122202322A\Java\SaturdayFuryProject\src\test\resource\FeatureFiles">
      <![CDATA[java.lang.RuntimeException: java.lang.IllegalArgumentException: Not a file or directory: C:\Users\Syed\Desktop\OSA0122202322A\Java\SaturdayFuryProject\src\test\resource\FeatureFiles
at java.base/java.util.ArrayList.forEach(ArrayList.java:1511)
Caused by: java.lang.IllegalArgumentException: Not a file or directory: C:\Users\Syed\Desktop\OSA0122202322A\Java\SaturdayFuryProject\src\test\resource\FeatureFiles
at cucumber.runtime.io.FileResourceIterator$FileIterator.<init>(FileResourceIterator.java:54)
at cucumber.runtime.io.FileResourceIterator.<init>(FileResourceIterator.java:20)
at cucumber.runtime.io.FileResourceIterable.iterator(FileResourceIterable.java:19)
at cucumber.runtime.model.CucumberFeature.loadFromFeaturePath(CucumberFeature.java:103)
at cucumber.runtime.model.CucumberFeature.load(CucumberFeature.java:54)
at cucumber.runtime.model.CucumberFeature.load(CucumberFeature.java:34)
at cucumber.runtime.RuntimeOptions.cucumberFeatures(RuntimeOptions.java:235)
at cucumber.api.testng.TestNGCucumberRunner.getFeatures(TestNGCucumberRunner.java:85)
at cucumber.api.testng.TestNGCucumberRunner.provideFeatures(TestNGCucumberRunner.java:93)
at cucumber.api.testng.AbstractTestNGCucumberTests.features(AbstractTestNGCucumberTests.java:29)
... 25 more
... Removed 32 stack frames]]>
    </failure>
  </testcase> <!-- feature -->
</testsuite> <!-- Ebay -->
